[debug] [2024-03-11T07:25:26.023Z] ----------------------------------------------------------------------
[debug] [2024-03-11T07:25:26.025Z] Command:       C:\Program Files\nodejs\node.exe C:\Users\advwa\AppData\Roaming\npm\node_modules\firebase-tools\lib\bin\firebase.js init
[debug] [2024-03-11T07:25:26.026Z] CLI Version:   13.4.1
[debug] [2024-03-11T07:25:26.026Z] Platform:      win32
[debug] [2024-03-11T07:25:26.026Z] Node Version:  v21.6.1
[debug] [2024-03-11T07:25:26.026Z] Time:          Mon Mar 11 2024 12:55:26 GMT+0530 (India Standard Time)
[debug] [2024-03-11T07:25:26.026Z] ----------------------------------------------------------------------
[debug] 
[debug] [2024-03-11T07:25:26.035Z] > command requires scopes: ["email","openid","https://www.googleapis.com/auth/cloudplatformprojects.readonly","https://www.googleapis.com/auth/firebase","https://www.googleapis.com/auth/cloud-platform"]
[debug] [2024-03-11T07:25:26.035Z] > authorizing via signed-in user (advwastaken@gmail.com)
[info] 
     ######## #### ########  ######## ########     ###     ######  ########
     ##        ##  ##     ## ##       ##     ##  ##   ##  ##       ##
     ######    ##  ########  ######   ########  #########  ######  ######
     ##        ##  ##    ##  ##       ##     ## ##     ##       ## ##
     ##       #### ##     ## ######## ########  ##     ##  ######  ########

You're about to initialize a Firebase project in this directory:

  C:\Users\advwa\Documents\fly\code

[info] 
=== Project Setup
[info] 
[info] First, let's associate this project directory with a Firebase project.
[info] You can create multiple project aliases by running firebase use --add, 
[info] but for now we'll just set up a default project.
[info] 
[debug] [2024-03-11T07:25:42.590Z] >>> [apiv2][query] GET https://firebase.googleapis.com/v1beta1/projects pageSize=100
[debug] [2024-03-11T07:25:43.801Z] <<< [apiv2][status] GET https://firebase.googleapis.com/v1beta1/projects 200
[debug] [2024-03-11T07:25:43.802Z] <<< [apiv2][body] GET https://firebase.googleapis.com/v1beta1/projects [omitted]
[info] i  Using project deepabhyudaya (deepabhyudaya) 
[info] 
=== Hosting Setup
[debug] [2024-03-11T07:25:47.152Z] >>> [apiv2][query] GET https://firebase.googleapis.com/v1beta1/projects/deepabhyudaya [none]
[debug] [2024-03-11T07:25:47.650Z] <<< [apiv2][status] GET https://firebase.googleapis.com/v1beta1/projects/deepabhyudaya 200
[debug] [2024-03-11T07:25:47.650Z] <<< [apiv2][body] GET https://firebase.googleapis.com/v1beta1/projects/deepabhyudaya {"projectId":"deepabhyudaya","projectNumber":"276858835194","displayName":"deepabhyudaya","name":"projects/deepabhyudaya","resources":{"hostingSite":"deepabhyudaya"},"state":"ACTIVE","etag":"1_96abe371-708c-460d-aba0-f8f3b80b45ce"}
[info] 
[info] Your public directory is the folder (relative to your project directory) that
[info] will contain Hosting assets to be uploaded with firebase deploy. If you
[info] have a build process for your assets, use your build's output directory.
[info] 
[info] +  Wrote public/404.html 
[debug] [2024-03-11T07:26:04.959Z] >>> [apiv2][query] GET https://www.gstatic.com/firebasejs/releases.json [none]
[debug] [2024-03-11T07:26:05.573Z] <<< [apiv2][status] GET https://www.gstatic.com/firebasejs/releases.json 200
[debug] [2024-03-11T07:26:05.574Z] <<< [apiv2][body] GET https://www.gstatic.com/firebasejs/releases.json {"current":{"version":"10.8.1","browserURL":"https://www.gstatic.com/firebasejs/10.8.1/firebase.js","packageURL":"https://www.gstatic.com/firebasejs/10.8.1/firebase.tgz"},"live":{"version":"10.8","browserURL":"https://www.gstatic.com/firebasejs/live/10.8/firebase.js","packageURL":"https://www.gstatic.com/firebasejs/live/10.8/firebase.tgz"},"components":{"analytics":"https://www.gstatic.com/firebasejs/10.8.1/firebase-analytics.js","app":"https://www.gstatic.com/firebasejs/10.8.1/firebase-app.js","app-check":"https://www.gstatic.com/firebasejs/10.8.1/firebase-app-check.js","auth":"https://www.gstatic.com/firebasejs/10.8.1/firebase-auth.js","auth/cordova":"https://www.gstatic.com/firebasejs/10.8.1/firebase-auth/cordova.js","auth/web-extension":"https://www.gstatic.com/firebasejs/10.8.1/firebase-auth/web-extension.js","functions":"https://www.gstatic.com/firebasejs/10.8.1/firebase-functions.js","firestore":"https://www.gstatic.com/firebasejs/10.8.1/firebase-firestore.js","firestore/lite":"https://www.gstatic.com/firebasejs/10.8.1/firebase-firestore/lite.js","installations":"https://www.gstatic.com/firebasejs/10.8.1/firebase-installations.js","storage":"https://www.gstatic.com/firebasejs/10.8.1/firebase-storage.js","performance":"https://www.gstatic.com/firebasejs/10.8.1/firebase-performance.js","remote-config":"https://www.gstatic.com/firebasejs/10.8.1/firebase-remote-config.js","messaging":"https://www.gstatic.com/firebasejs/10.8.1/firebase-messaging.js","messaging/sw":"https://www.gstatic.com/firebasejs/10.8.1/firebase-messaging/sw.js","database":"https://www.gstatic.com/firebasejs/10.8.1/firebase-database.js","firestore.memory":"https://www.gstatic.com/firebasejs/10.8.1/firebase-firestore.memory.js"}}
[info] +  Wrote public/index.html 
[info] 
[info] i  Didn't detect a .git folder. Assuming C:\Users\advwa\Documents\fly\code is the project root. 
[info] i  Authorizing with GitHub to upload your service account to a GitHub repository's secrets store. 
[info] 
[info] Visit this URL on this device to log in:
[info] https://github.com/login/oauth/authorize?client_id=89cf50f02ac6aaed3484&state=964273010&redirect_uri=http%3A%2F%2Flocalhost%3A9005&scope=read%3Auser%20repo%20public_repo
[info] 
[info] Waiting for authentication...
[debug] [2024-03-11T07:26:18.892Z] >>> [apiv2][query] POST https://github.com/login/oauth/access_token [none]
[debug] [2024-03-11T07:26:18.893Z] >>> [apiv2][body] POST https://github.com/login/oauth/access_token [stream]
[debug] [2024-03-11T07:26:19.582Z] <<< [apiv2][status] POST https://github.com/login/oauth/access_token 200
[debug] [2024-03-11T07:26:19.582Z] <<< [apiv2][body] POST https://github.com/login/oauth/access_token {"access_token":"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","token_type":"bearer","scope":"read:user,repo"}
[debug] [2024-03-11T07:26:19.592Z] >>> [apiv2][query] GET https://api.github.com/user [none]
[debug] [2024-03-11T07:26:20.241Z] <<< [apiv2][status] GET https://api.github.com/user 200
[debug] [2024-03-11T07:26:20.242Z] <<< [apiv2][body] GET https://api.github.com/user {"login":"advAltTsx","id":154480782,"node_id":"U_kgDOCTUwjg","avatar_url":"https://avatars.githubusercontent.com/u/154480782?v=4","gravatar_id":"","url":"https://api.github.com/users/advAltTsx","html_url":"https://github.com/advAltTsx","followers_url":"https://api.github.com/users/advAltTsx/followers","following_url":"https://api.github.com/users/advAltTsx/following{/other_user}","gists_url":"https://api.github.com/users/advAltTsx/gists{/gist_id}","starred_url":"https://api.github.com/users/advAltTsx/starred{/owner}{/repo}","subscriptions_url":"https://api.github.com/users/advAltTsx/subscriptions","organizations_url":"https://api.github.com/users/advAltTsx/orgs","repos_url":"https://api.github.com/users/advAltTsx/repos","events_url":"https://api.github.com/users/advAltTsx/events{/privacy}","received_events_url":"https://api.github.com/users/advAltTsx/received_events","type":"User","site_admin":false,"name":"Vasooli Bhai","company":"@Vasooli","blog":"","location":null,"email":null,"hireable":null,"bio":"vasooling someone ðŸ•Šï¸","twitter_username":null,"public_repos":19,"public_gists":0,"followers":0,"following":0,"created_at":"2023-12-21T00:56:40Z","updated_at":"2024-03-07T10:04:45Z","private_gists":0,"total_private_repos":0,"owned_private_repos":0,"disk_usage":30561,"collaborators":0,"two_factor_authentication":false,"plan":{"name":"free","space":976562499,"collaborators":0,"private_repos":10000}}
[info] 
[info] +  Success! Logged into GitHub as advAltTsx 
[info] 
